Change Physical Footprint: Designator=C2 Old Footprint=CE2050 New Footprint=CE2050
Change Physical Footprint: Designator=C4 Old Footprint=C0805BSM New Footprint=C0805BSM
Change Physical Footprint: Designator=C5 Old Footprint=C10013*4 New Footprint=C10013*4
Change Physical Footprint: Designator=C11 Old Footprint=C508*5 New Footprint=C508*5
Change Physical Footprint: Designator=C14 Old Footprint=C10013*4 New Footprint=C10013*4
Change Physical Footprint: Designator=C23 Old Footprint=C0805BSM New Footprint=C0805BSM
Change Physical Footprint: Designator=C24 Old Footprint=C0805BSM New Footprint=C0805BSM
Change Physical Footprint: Designator=C25 Old Footprint=C0805BSM New Footprint=C0805BSM
Change Physical Footprint: Designator=C26 Old Footprint=C0805BSM New Footprint=C0805BSM
Change Physical Footprint: Designator=C27 Old Footprint=C0805BSM New Footprint=C0805BSM
Change Physical Footprint: Designator=C43 Old Footprint=C10013*4 New Footprint=C10013*4
Change Physical Footprint: Designator=C44 Old Footprint=CE2050 New Footprint=CE2050
Change Physical Footprint: Designator=C48 Old Footprint=C10013*5 New Footprint=C10013*5
Change Physical Footprint: Designator=C53 Old Footprint=C0805BSM New Footprint=C0805BSM
Change Physical Footprint: Designator=C54 Old Footprint=C0805BSM New Footprint=C0805BSM
Change Physical Footprint: Designator=C58 Old Footprint=C10013*5 New Footprint=C10013*5
Change Physical Footprint: Designator=C59 Old Footprint=CE100350 New Footprint=CE100350
Change Physical Footprint: Designator=C60 Old Footprint=C22527*9 New Footprint=C22527*9
Change Physical Footprint: Designator=C61 Old Footprint=C10013*5 New Footprint=C10013*5
Change Physical Footprint: Designator=C64 Old Footprint=CE100350 New Footprint=CE100350
Change Physical Footprint: Designator=C65 Old Footprint=C10013*5 New Footprint=C10013*5
Change Physical Footprint: Designator=C69 Old Footprint=C22527*9 New Footprint=C22527*9
Change Physical Footprint: Designator=C71 Old Footprint=CE100350 New Footprint=CE100350
Change Physical Footprint: Designator=C72 Old Footprint=C10013*5 New Footprint=C10013*5
Change Physical Footprint: Designator=D1 Old Footprint=D41P2H-1 New Footprint=D41P2H-1
Change Physical Footprint: Designator=D3 Old Footprint=D4236P2 New Footprint=D4236P2
Change Physical Footprint: Designator=D4 Old Footprint=D4236P2 New Footprint=D4236P2
Change Physical Footprint: Designator=D7 Old Footprint=TRNPNBSM New Footprint=TRNPNBSM
Change Physical Footprint: Designator=D9 Old Footprint=TRNPNBSM New Footprint=TRNPNBSM
Change Physical Footprint: Designator=D10 Old Footprint=D4236P2 New Footprint=D4236P2
Change Physical Footprint: Designator=D15 Old Footprint=TRNPNBSM New Footprint=TRNPNBSM
Change Physical Footprint: Designator=D16 Old Footprint=D150 New Footprint=D150
Change Physical Footprint: Designator=D17 Old Footprint=D150 New Footprint=D150
Change Physical Footprint: Designator=D18 Old Footprint=D150 New Footprint=D150
Change Physical Footprint: Designator=D19 Old Footprint=D150 New Footprint=D150
Change Physical Footprint: Designator=D20 Old Footprint=D150 New Footprint=D150
Change Physical Footprint: Designator=D21 Old Footprint=D150 New Footprint=D150
Change Physical Footprint: Designator=D23 Old Footprint=D150 New Footprint=D150
Change Physical Footprint: Designator=D24 Old Footprint=D150 New Footprint=D150
Change Physical Footprint: Designator=D25 Old Footprint=D150 New Footprint=D150
Change Physical Footprint: Designator=D26 Old Footprint=D150 New Footprint=D150
Change Physical Footprint: Designator=D27 Old Footprint=D150 New Footprint=D150
Change Physical Footprint: Designator=D28 Old Footprint=D150 New Footprint=D150
Change Physical Footprint: Designator=F2 Old Footprint=F3A1000VP4 New Footprint=F3A1000VP4
Change Physical Footprint: Designator=F3 Old Footprint=FUSE5A350VAC New Footprint=FUSE5A350VAC
Change Physical Footprint: Designator=J1 Old Footprint=SIP-B1P2H New Footprint=SIP-B1P2H
Change Physical Footprint: Designator=J3 Old Footprint=SIP-B1P2H New Footprint=SIP-B1P2H
Change Physical Footprint: Designator=L5 Old Footprint=L28*17.5P4 New Footprint=L28*17.5P4
Change Physical Footprint: Designator=Q1 Old Footprint=2SK2613 New Footprint=2SK2613
Change Physical Footprint: Designator=Q2 Old Footprint=2N4401 New Footprint=2N4401
Change Physical Footprint: Designator=Q3 Old Footprint=2N4403 New Footprint=2N4403
Change Physical Footprint: Designator=Q6 Old Footprint=TRPNPBSM New Footprint=TRPNPBSM
Change Physical Footprint: Designator=Q7 Old Footprint=TRNPNBSM New Footprint=TRNPNBSM
Change Physical Footprint: Designator=Q8 Old Footprint=TRNPNBSM New Footprint=TRNPNBSM
Change Physical Footprint: Designator=R1 Old Footprint=R100060 New Footprint=R100060
Change Physical Footprint: Designator=R3 Old Footprint=R100060 New Footprint=R100060
Change Physical Footprint: Designator=R8 Old Footprint=R0805BSM New Footprint=R0805BSM
Change Physical Footprint: Designator=R10 Old Footprint=R0805BSM New Footprint=R0805BSM
Change Physical Footprint: Designator=R14 Old Footprint=R0805BSM New Footprint=R0805BSM
Change Physical Footprint: Designator=R18 Old Footprint=R1206NSM New Footprint=R1206NSM
Change Physical Footprint: Designator=R20 Old Footprint=R0805BSM New Footprint=R0805BSM
Change Physical Footprint: Designator=R21 Old Footprint=R1206NSM New Footprint=R1206NSM
Change Physical Footprint: Designator=R22 Old Footprint=R075005 New Footprint=R075005
Change Physical Footprint: Designator=R23 Old Footprint=R1206NSM New Footprint=R1206NSM
Change Physical Footprint: Designator=R27 Old Footprint=R0805BSM New Footprint=R0805BSM
Change Physical Footprint: Designator=R28 Old Footprint=R075005 New Footprint=R075005
Change Physical Footprint: Designator=R32 Old Footprint=R0805BSM New Footprint=R0805BSM
Change Physical Footprint: Designator=R42 Old Footprint=R0805BSM New Footprint=R0805BSM
Change Physical Footprint: Designator=R44 Old Footprint=R0805BSM New Footprint=R0805BSM
Change Physical Footprint: Designator=R51 Old Footprint=R100060 New Footprint=R100060
Change Physical Footprint: Designator=R52 Old Footprint=R100060 New Footprint=R100060
Change Physical Footprint: Designator=R55 Old Footprint=R100060 New Footprint=R100060
Change Physical Footprint: Designator=SC1 Old Footprint=SC40 New Footprint=SC40
Change Physical Footprint: Designator=SC2 Old Footprint=SC40 New Footprint=SC40
Change Physical Footprint: Designator=SC3 Old Footprint=SC40 New Footprint=SC40
Change Physical Footprint: Designator=SC4 Old Footprint=SC40 New Footprint=SC40
Change Physical Footprint: Designator=SC5 Old Footprint=SC40 New Footprint=SC40
Change Physical Footprint: Designator=SC6 Old Footprint=SC40 New Footprint=SC40
Change Physical Footprint: Designator=SR1 Old Footprint=SRSQM1411 New Footprint=SRSQM1411
Change Physical Footprint: Designator=SR2 Old Footprint=SRSQM1411 New Footprint=SRSQM1411
Change Physical Footprint: Designator=SR3 Old Footprint=SRSQM1411 New Footprint=SRSQM1411
Change Physical Footprint: Designator=SR7 Old Footprint=SRSQM130100 New Footprint=SRSQM130100
Change Physical Footprint: Designator=SR8 Old Footprint=SRSQM130100 New Footprint=SRSQM130100
Change Physical Footprint: Designator=SR9 Old Footprint=SRSQM130100 New Footprint=SRSQM130100
Change Physical Footprint: Designator=SR10 Old Footprint=SRSQM130100 New Footprint=SRSQM130100
Change Physical Footprint: Designator=SR11 Old Footprint=SRSQM130100 New Footprint=SRSQM130100
Change Physical Footprint: Designator=SR12 Old Footprint=SRSQM130100 New Footprint=SRSQM130100
Change Physical Footprint: Designator=T1 Old Footprint=ER42 New Footprint=ER42
Change Physical Footprint: Designator=T2 Old Footprint=EEL-16X New Footprint=EEL-16X
Change Physical Footprint: Designator=TP1 Old Footprint=TEST New Footprint=TEST
Change Physical Footprint: Designator=TP6 Old Footprint=TEST New Footprint=TEST
Change Physical Footprint: Designator=TP7 Old Footprint=TEST New Footprint=TEST
Change Physical Footprint: Designator=TP8 Old Footprint=TEST New Footprint=TEST
Change Physical Footprint: Designator=TP11 Old Footprint=TEST New Footprint=TEST
Change Physical Footprint: Designator=TP13 Old Footprint=TEST New Footprint=TEST
Change Physical Footprint: Designator=TP14 Old Footprint=TEST New Footprint=TEST
Change Physical Footprint: Designator=TP19 Old Footprint=TEST New Footprint=TEST
Change Physical Footprint: Designator=TP22 Old Footprint=TEST New Footprint=TEST
Change Physical Footprint: Designator=U1 Old Footprint=2844 New Footprint=2844
Change Physical Footprint: Designator=U2 Old Footprint=PH521 New Footprint=PH521
Change Physical Footprint: Designator=U3 Old Footprint=AZ431LS23TSM New Footprint=AZ431LS23TSM
Change Physical Footprint: Designator=VD1 Old Footprint=D41P2H-1 New Footprint=D41P2H-1
Change Physical Footprint: Designator=VD6 Old Footprint=D41P2H-1 New Footprint=D41P2H-1
