Change Physical Footprint: Designator=C12 Old Footprint=CC509*5 New Footprint=CC509*5
Change Physical Footprint: Designator=C28 Old Footprint=CC509*5 New Footprint=CC509*5
Change Physical Footprint: Designator=C44 Old Footprint=CE2050 New Footprint=CE2050
Change Physical Footprint: Designator=D3 Old Footprint=D4236P2 New Footprint=D4236P2
Change Physical Footprint: Designator=D4 Old Footprint=D4236P2 New Footprint=D4236P2
Change Physical Footprint: Designator=D5 Old Footprint=TRNPNBSM New Footprint=TRNPNBSM
Change Physical Footprint: Designator=D8 Old Footprint=TRNPNBSM New Footprint=TRNPNBSM
Change Physical Footprint: Designator=D10 Old Footprint=D4236P2 New Footprint=D4236P2
Change Physical Footprint: Designator=D11 Old Footprint=D4236P2 New Footprint=D4236P2
Change Physical Footprint: Designator=D13 Old Footprint=D41P2H-1 New Footprint=D41P2H-1
Change Physical Footprint: Designator=Q1 Old Footprint=2SK2613 New Footprint=2SK2613
Change Physical Footprint: Designator=Q4 Old Footprint=2SK2613 New Footprint=2SK2613
Change Physical Footprint: Designator=R5 Old Footprint=R1206NSM New Footprint=R1206NSM
Change Physical Footprint: Designator=R7 Old Footprint=R1206NSM New Footprint=R1206NSM
Change Physical Footprint: Designator=R9 Old Footprint=R0805BSM New Footprint=R0805BSM
Change Physical Footprint: Designator=R13 Old Footprint=R1206NSM New Footprint=R1206NSM
Change Physical Footprint: Designator=R16 Old Footprint=R1206NSM New Footprint=R1206NSM
Change Physical Footprint: Designator=R17 Old Footprint=R0805BSM New Footprint=R0805BSM
Change Physical Footprint: Designator=R18 Old Footprint=R1206NSM New Footprint=R1206NSM
Change Physical Footprint: Designator=R21 Old Footprint=R1206NSM New Footprint=R1206NSM
Change Physical Footprint: Designator=R22 Old Footprint=R075005 New Footprint=R075005
Change Physical Footprint: Designator=R23 Old Footprint=R1206NSM New Footprint=R1206NSM
Change Physical Footprint: Designator=SR1 Old Footprint=SRSQM1411 New Footprint=SRSQM1411
Change Physical Footprint: Designator=SR2 Old Footprint=SRSQM1411 New Footprint=SRSQM1411
Change Physical Footprint: Designator=SR3 Old Footprint=SRSQM1411 New Footprint=SRSQM1411
Change Physical Footprint: Designator=SR4 Old Footprint=SRSQM1411 New Footprint=SRSQM1411
Change Physical Footprint: Designator=SR5 Old Footprint=SRSQM1411 New Footprint=SRSQM1411
Change Physical Footprint: Designator=SR6 Old Footprint=SRSQM1411 New Footprint=SRSQM1411
Change Physical Footprint: Designator=T1 Old Footprint=ER42 New Footprint=ER42
Change Physical Footprint: Designator=T2 Old Footprint=EEL-16X New Footprint=EEL-16X
Change Physical Footprint: Designator=TP3 Old Footprint=TEST New Footprint=TEST
Change Physical Footprint: Designator=TP10 Old Footprint=TEST New Footprint=TEST
Change Physical Footprint: Designator=TP14 Old Footprint=TEST New Footprint=TEST
Change Physical Footprint: Designator=VD2 Old Footprint=D41P2H-1 New Footprint=D41P2H-1
Change Physical Footprint: Designator=VD3 Old Footprint=D41P2H-1 New Footprint=D41P2H-1
Change Physical Footprint: Designator=VD4 Old Footprint=D41P2H-1 New Footprint=D41P2H-1
Change Physical Footprint: Designator=VD5 Old Footprint=D41P2H-1 New Footprint=D41P2H-1
