Added Component: Designator=D14(D247P2)
Add component (AddParameter): Name = "Value"; Value = "APT15D60BG"; VariantName = "[No Variations]"
Added Component: Designator=F2(F3A1000VP4)
Added Component: Designator=J2(SIP-B1P2)
Add component (AddParameter): Name = "Value"; Value = "CON2/2.54"; VariantName = "[No Variations]"
Added Component: Designator=TP2(TEST)
Add component (AddParameter): Name = "Value"; Value = "MON+15V"; VariantName = "[No Variations]"
Added Component: Designator=TP4(TEST)
Add component (AddParameter): Name = "Value"; Value = "MONGND"; VariantName = "[No Variations]"
Added Component: Designator=TP5(TEST)
Add component (AddParameter): Name = "Value"; Value = "VCC+12V"; VariantName = "[No Variations]"
Added Component: Designator=TP6(TEST)
Add component (AddParameter): Name = "Value"; Value = "CMP"; VariantName = "[No Variations]"
Added Component: Designator=TP9(TEST)
Add component (AddParameter): Name = "Value"; Value = "GND+12V"; VariantName = "[No Variations]"
Added Component: Designator=TP14(TEST)
Add component (AddParameter): Name = "Value"; Value = "GND"; VariantName = "[No Variations]"
Added Component: Designator=TP21(TEST)
Add component (AddParameter): Name = "Value"; Value = "VCC+5V"; VariantName = "[No Variations]"
Added Component: Designator=VD1(D41P2H-1)
Add component (AddParameter): Name = "Value"; Value = "1N4749"; VariantName = "[No Variations]"
Added Component: Designator=VD2(D41P2H-1)
Add component (AddParameter): Name = "Value"; Value = "1N4746"; VariantName = "[No Variations]"
Added Component: Designator=VD3(D41P2H-1)
Add component (AddParameter): Name = "Value"; Value = "1N4746"; VariantName = "[No Variations]"
Added Component: Designator=VD4(D41P2H-1)
Add component (AddParameter): Name = "Value"; Value = "1N4746"; VariantName = "[No Variations]"
Added Component: Designator=VD5(D41P2H-1)
Add component (AddParameter): Name = "Value"; Value = "1N4746"; VariantName = "[No Variations]"
Added Component: Designator=VD6(D41P2H-1)
Add component (AddParameter): Name = "Value"; Value = "1N4747"; VariantName = "[No Variations]"
Added Component: Designator=VD7(D41P2H-1)
Add component (AddParameter): Name = "Value"; Value = "1N4746"; VariantName = "[No Variations]"
Added Pin To Net: NetName=GND+12V Pin=TP9-1
Added Net: Name=GND+12V
Added Pin To Net: NetName=GND+15V Pin=J2-1
Added Net: Name=GND+15V
Added Pin To Net: NetName=GND Pin=TP14-1
Added Pin To Net: NetName=GND Pin=VD1-2
Added Net: Name=GND
Added Net: Name=MON+15V
Added Pin To Net: NetName=MON GND Pin=TP4-1
Added Net: Name=MON GND
Added Net: Name=NetC1_1
Added Net: Name=NetC1_2
Added Net: Name=NetC3_1
Added Pin To Net: NetName=NetC7_2 Pin=TP2-1
Added Net: Name=NetC7_2
Added Net: Name=NetC11_1
Added Net: Name=NetC11_2
Added Pin To Net: NetName=NetC12_1 Pin=VD3-2
Added Net: Name=NetC12_1
Added Net: Name=NetC12_2
Added Net: Name=NetC13_1
Added Net: Name=NetC13_2
Added Net: Name=NetC15_2
Added Net: Name=NetC21_1
Added Net: Name=NetC21_2
Added Pin To Net: NetName=NetC23_2 Pin=TP6-1
Added Net: Name=NetC23_2
Added Net: Name=NetC24_1
Added Net: Name=NetC25_2
Added Net: Name=NetC26_2
Added Net: Name=NetC27_1
Added Pin To Net: NetName=NetC28_1 Pin=VD5-2
Added Net: Name=NetC28_1
Added Net: Name=NetC28_2
Added Net: Name=NetC29_2
Added Pin To Net: NetName=NetC38_1 Pin=D14-1
Added Net: Name=NetC38_1
Added Pin To Net: NetName=NetC47_1 Pin=D14-2
Added Net: Name=NetC47_1
Added Net: Name=NetC47_2
Added Net: Name=NetC48_2
Added Net: Name=NetC51_1
Added Net: Name=NetC51_2
Added Net: Name=NetC53_2
Added Net: Name=NetC54_2
Added Pin To Net: NetName=NetC55_2 Pin=VD7-2
Added Net: Name=NetC55_2
Added Net: Name=NetC56_2
Added Net: Name=NetC57_2
Added Net: Name=NetC58_2
Added Net: Name=NetC59_2
Added Net: Name=NetC60_1
Added Net: Name=NetC60_2
Added Net: Name=NetC62_2
Added Net: Name=NetC64_2
Added Net: Name=NetC65_2
Added Net: Name=NetC69_2
Added Net: Name=NetD1_2
Added Net: Name=NetD3_2
Added Pin To Net: NetName=NetD5_1 Pin=VD2-2
Added Net: Name=NetD5_1
Added Net: Name=NetD5_3
Added Pin To Net: NetName=NetD8_1 Pin=VD4-2
Added Net: Name=NetD8_1
Added Net: Name=NetD8_3
Added Net: Name=NetD9_3
Added Net: Name=NetD13_1
Added Net: Name=NetD13_2
Added Net: Name=NetD15_3
Added Pin To Net: NetName=NetD16_1 Pin=F2-3
Added Pin To Net: NetName=NetD16_1 Pin=F2-4
Added Net: Name=NetD16_1
Added Net: Name=NetD16_2
Added Net: Name=NetD17_2
Added Net: Name=NetD18_1
Added Net: Name=NetD19_1
Added Net: Name=NetD20_1
Added Net: Name=NetD21_1
Added Net: Name=NetD23_1
Added Net: Name=NetD24_1
Added Net: Name=NetD25_1
Added Net: Name=NetD27_1
Added Net: Name=NetD27_2
Added Pin To Net: NetName=NetF2_1 Pin=F2-1
Added Net: Name=NetF2_1
Added Net: Name=NetF3_1
Added Net: Name=NetJ5_6
Added Net: Name=NetLED1_1
Added Net: Name=NetQ2_2
Added Net: Name=NetQ5_2
Added Net: Name=NetQ6_1
Added Net: Name=NetQ6_3
Added Net: Name=NetQ7_1
Added Net: Name=NetQ9_1
Added Net: Name=NetR1_2
Added Net: Name=NetR2_1
Added Net: Name=NetR5_1
Added Net: Name=NetR13_1
Added Net: Name=NetR26_2
Added Net: Name=NetR28_2
Added Net: Name=NetR30_1
Added Net: Name=NetR31_2
Added Pin To Net: NetName=NetR35_1 Pin=VD6-2
Added Net: Name=NetR35_1
Added Net: Name=NetR40_2
Added Pin To Net: NetName=NetR45_2 Pin=VD7-1
Added Net: Name=NetR45_2
Added Pin To Net: NetName=NetVD2_1 Pin=VD2-1
Added Pin To Net: NetName=NetVD2_1 Pin=VD3-1
Added Net: Name=NetVD2_1
Added Pin To Net: NetName=NetVD4_1 Pin=VD4-1
Added Pin To Net: NetName=NetVD4_1 Pin=VD5-1
Added Net: Name=NetVD4_1
Added Net: Name=PE
Added Pin To Net: NetName=VCC+5V Pin=J2-2
Added Pin To Net: NetName=VCC+5V Pin=TP21-1
Added Net: Name=VCC+5V
Added Pin To Net: NetName=VCC+12V Pin=TP5-1
Added Net: Name=VCC+12V
Added Net: Name=VCC+15V
Added Pin To Net: NetName=VCC+18V Pin=VD1-1
Added Pin To Net: NetName=VCC+18V Pin=VD6-1
Added Net: Name=VCC+18V
Added Net: Name=VCC-15V
Added Net: Name=VDC
Added Class: Name=高压开关电源
